[ 2016-03-17T13:25:23+08:00 ] 127.0.0.1 /favicon.ico
INFO: [ app_init ] --START--
INFO: Run Behavior\BuildLiteBehavior [ RunTime:0.000021s ]
SQL: SHOW COLUMNS FROM `othooks` [ RunTime:0.0168s ]
SQL: SELECT `name`,`addons` FROM `othooks`  [ RunTime:0.0005s ]
SQL: SHOW COLUMNS FROM `otaddons` [ RunTime:0.0140s ]
SQL: SELECT `id`,`name` FROM `otaddons` WHERE `status` = 1 AND `name` IN ('ReturnTop')  [ RunTime:0.1247s ]
SQL: SELECT `id`,`name` FROM `otaddons` WHERE `status` = 1 AND `name` IN ('Attachment')  [ RunTime:0.0003s ]
SQL: SELECT `id`,`name` FROM `otaddons` WHERE `status` = 1 AND `name` IN ('Attachment','SocialComment')  [ RunTime:0.0007s ]
SQL: SELECT `id`,`name` FROM `otaddons` WHERE `status` = 1 AND `name` IN ('Attachment')  [ RunTime:0.0004s ]
SQL: SELECT `id`,`name` FROM `otaddons` WHERE `status` = 1 AND `name` IN ('Editor')  [ RunTime:0.0003s ]
SQL: SELECT `id`,`name` FROM `otaddons` WHERE `status` = 1 AND `name` IN ('EditorForAdmin')  [ RunTime:0.0003s ]
SQL: SELECT `id`,`name` FROM `otaddons` WHERE `status` = 1 AND `name` IN ('SiteStat','SystemInfo','DevTeam')  [ RunTime:0.0003s ]
SQL: SELECT `id`,`name` FROM `otaddons` WHERE `status` = 1 AND `name` IN ('Editor')  [ RunTime:0.0003s ]
INFO: Run Common\Behavior\InitHookBehavior [ RunTime:0.266759s ]
INFO: [ app_init ] --END-- [ RunTime:0.267479s ]
ERR: 无法加载模块:Favicon

[ 2016-03-17T13:25:24+08:00 ] 127.0.0.1 /favicon.ico
INFO: [ app_init ] --START--
INFO: Run Behavior\BuildLiteBehavior [ RunTime:0.000015s ]
INFO: Run Common\Behavior\InitHookBehavior [ RunTime:0.002176s ]
INFO: [ app_init ] --END-- [ RunTime:0.002689s ]
ERR: 无法加载模块:Favicon

[ 2016-03-17T13:49:24+08:00 ] 127.0.0.1 /index
INFO: [ app_init ] --START--
INFO: Run Behavior\BuildLiteBehavior [ RunTime:0.000018s ]
INFO: Run Common\Behavior\InitHookBehavior [ RunTime:0.002042s ]
INFO: [ app_init ] --END-- [ RunTime:0.002601s ]
ERR: 无法加载模块:Index

[ 2016-03-17T13:52:54+08:00 ] 127.0.0.1 /admin
INFO: [ app_init ] --START--
INFO: Run Behavior\BuildLiteBehavior [ RunTime:0.000015s ]
INFO: Run Common\Behavior\InitHookBehavior [ RunTime:0.002153s ]
INFO: [ app_init ] --END-- [ RunTime:0.002628s ]
ERR: 无法加载模块:Admin

[ 2016-03-17T13:53:02+08:00 ] 127.0.0.1 /admin/
INFO: [ app_init ] --START--
INFO: Run Behavior\BuildLiteBehavior [ RunTime:0.000016s ]
INFO: Run Common\Behavior\InitHookBehavior [ RunTime:0.001531s ]
INFO: [ app_init ] --END-- [ RunTime:0.001997s ]
ERR: 无法加载模块:Admin

[ 2016-03-17T13:53:31+08:00 ] 127.0.0.1 /Admin
INFO: [ app_init ] --START--
INFO: Run Behavior\BuildLiteBehavior [ RunTime:0.000014s ]
INFO: Run Common\Behavior\InitHookBehavior [ RunTime:0.001444s ]
INFO: [ app_init ] --END-- [ RunTime:0.001893s ]
ERR: 无法加载模块:Admin

[ 2016-03-17T13:53:38+08:00 ] 127.0.0.1 /index
INFO: [ app_init ] --START--
INFO: Run Behavior\BuildLiteBehavior [ RunTime:0.000015s ]
INFO: Run Common\Behavior\InitHookBehavior [ RunTime:0.001525s ]
INFO: [ app_init ] --END-- [ RunTime:0.001958s ]
ERR: 无法加载模块:Index

